21063 [JettyServerThreadPool-32] ERROR dk.lyngby.routes.Routes - POST /api/v1/auth/register 200 Username already exists
29358 [JettyServerThreadPool-32] ERROR dk.lyngby.routes.Routes - POST /api/v1/person 200 not-null property references a null or transient value : dk.lyngby.model.Person.idAddressFK
48003 [JettyServerThreadPool-36] ERROR dk.lyngby.routes.Routes - POST /api/v1/person 200 not-null property references a null or transient value : dk.lyngby.model.Person.idAddressFK
5231 [JettyServerThreadPool-38] ERROR dk.lyngby.routes.Routes - POST /api/v1/person 200 You are not authorized to perform this action
42821 [JettyServerThreadPool-43] ERROR dk.lyngby.routes.Routes - POST /api/v1/auth/login 200 Invalid user name or password
61535 [JettyServerThreadPool-45] ERROR dk.lyngby.routes.Routes - POST /api/v1/person 200 could not execute statement [ERROR: null value in column "idaddressfk" of relation "person" violates not-null constraint
  Detail: Failing row contains (1, 19, schmid@tmail.com, Michelle, Schmidt, null).] [/* insert for dk.lyngby.model.Person */insert into Person (age,email,firstName,lastName) values (?,?,?,?)]
5262 [JettyServerThreadPool-38] ERROR dk.lyngby.routes.Routes - POST /api/v1/person 200 You are not authorized to perform this action
420825 [JettyServerThreadPool-33] ERROR dk.lyngby.routes.Routes - POST /api/v1/person 200 Token is expired
427696 [JettyServerThreadPool-50] ERROR dk.lyngby.routes.Routes - POST /api/v1/auth/login 200 Invalid user name or password
109382 [JettyServerThreadPool-46] ERROR dk.lyngby.routes.Routes - POST /api/v1/person 200 Invalid serialized unsecured/JWS/JWE object: Missing part delimiters
131534 [JettyServerThreadPool-34] ERROR dk.lyngby.routes.Routes - POST /api/v1/auth/login 200 Invalid user name or password
101087 [JettyServerThreadPool-46] ERROR dk.lyngby.routes.Routes - POST /api/v1/person 200 could not execute statement [ERROR: relation "person" does not exist
  Position: 52] [/* insert for dk.lyngby.model.Person */insert into Person (age,createdAt,email,firstName,lastName) values (?,?,?,?,?)]
4659 [JettyServerThreadPool-50] ERROR dk.lyngby.routes.Routes - POST /api/v1/auth/login 200 Invalid user name or password
5344 [JettyServerThreadPool-36] ERROR dk.lyngby.routes.Routes - POST /api/v1/auth/login 200 Invalid user name or password
5015 [JettyServerThreadPool-51] ERROR dk.lyngby.routes.Routes - POST /api/v1/auth/login 200 Invalid user name or password
5829 [JettyServerThreadPool-37] ERROR dk.lyngby.routes.Routes - POST /api/v1/auth/login 200 Invalid user name or password
4920 [JettyServerThreadPool-50] ERROR dk.lyngby.routes.Routes - POST /api/v1/auth/login 200 Invalid user name or password
5638 [JettyServerThreadPool-36] ERROR dk.lyngby.routes.Routes - POST /api/v1/auth/login 200 Invalid user name or password
11824 [JettyServerThreadPool-45] ERROR dk.lyngby.routes.Routes - POST /api/v1/auth/login 200 Invalid user name or password
27372 [JettyServerThreadPool-32] ERROR dk.lyngby.routes.Routes - POST /api/v1/auth/login 200 Invalid user name or password
32166 [JettyServerThreadPool-33] ERROR dk.lyngby.routes.Routes - POST /api/v1/auth/login 200 Invalid user name or password
38534 [JettyServerThreadPool-34] ERROR dk.lyngby.routes.Routes - POST /api/v1/auth/login 200 Invalid user name or password
54365 [JettyServerThreadPool-35] ERROR dk.lyngby.routes.Routes - POST /api/v1/auth/login 200 Invalid user name or password
75031 [JettyServerThreadPool-36] ERROR dk.lyngby.routes.Routes - POST /api/v1/auth/login 200 Invalid user name or password
4694 [JettyServerThreadPool-50] ERROR dk.lyngby.routes.Routes - POST /api/v1/auth/login 200 Invalid user name or password
5381 [JettyServerThreadPool-36] ERROR dk.lyngby.routes.Routes - POST /api/v1/auth/login 200 Invalid user name or password
6048 [JettyServerThreadPool-51] ERROR dk.lyngby.routes.Routes - POST /api/v1/auth/login 200 Invalid user name or password
6766 [JettyServerThreadPool-37] ERROR dk.lyngby.routes.Routes - POST /api/v1/auth/login 200 Invalid user name or password
6265 [JettyServerThreadPool-31] ERROR dk.lyngby.routes.Routes - POST /api/v1/auth/login 200 Invalid user name or password
86929 [JettyServerThreadPool-31] ERROR dk.lyngby.routes.Routes - POST /api/v1/auth/login 200 Invalid user name or password
89831 [JettyServerThreadPool-44] ERROR dk.lyngby.routes.Routes - POST /api/v1/auth/login 200 Invalid user name or password
95962 [JettyServerThreadPool-44] ERROR dk.lyngby.routes.Routes - POST /api/v1/auth/login 200 Invalid user name or password
161394 [JettyServerThreadPool-46] ERROR dk.lyngby.routes.Routes - POST /api/v1/auth/login 200 Invalid user name or password
15837 [JettyServerThreadPool-31] ERROR dk.lyngby.routes.Routes - POST /api/v1/auth/login 200 Invalid user name or password
88753 [JettyServerThreadPool-32] ERROR dk.lyngby.routes.Routes - POST /api/v1/auth/login 200 Invalid user name or password
118113 [JettyServerThreadPool-33] ERROR dk.lyngby.routes.Routes - POST /api/v1/auth/register 200 Username already exists
124733 [JettyServerThreadPool-34] ERROR dk.lyngby.routes.Routes - POST /api/v1/auth/login 200 Invalid user name or password
133575 [JettyServerThreadPool-35] ERROR dk.lyngby.routes.Routes - POST /api/v1/auth/login 200 Invalid user name or password
139246 [JettyServerThreadPool-36] ERROR dk.lyngby.routes.Routes - POST /api/v1/auth/login 200 Invalid user name or password
167455 [JettyServerThreadPool-37] ERROR dk.lyngby.routes.Routes - POST /api/v1/auth/login 200 Invalid user name or password
170107 [JettyServerThreadPool-30] ERROR dk.lyngby.routes.Routes - POST /api/v1/auth/login 200 Invalid user name or password
173862 [JettyServerThreadPool-45] ERROR dk.lyngby.routes.Routes - POST /api/v1/auth/register 200 Username already exists
177640 [JettyServerThreadPool-31] ERROR dk.lyngby.routes.Routes - POST /api/v1/auth/register 200 Username already exists
180475 [JettyServerThreadPool-46] ERROR dk.lyngby.routes.Routes - POST /api/v1/auth/register 200 Username already exists
186415 [JettyServerThreadPool-32] ERROR dk.lyngby.routes.Routes - POST /api/v1/auth/login 200 Invalid user name or password
272747 [JettyServerThreadPool-30] ERROR dk.lyngby.routes.Routes - POST /api/v1/auth/register 200 Username already exists
280554 [JettyServerThreadPool-34] ERROR dk.lyngby.routes.Routes - POST /api/v1/auth/register 200 Username already exists
4879 [JettyServerThreadPool-31] ERROR dk.lyngby.routes.Routes - POST /api/v1/auth/login 200 Invalid user name or password
40453 [JettyServerThreadPool-43] ERROR dk.lyngby.routes.Routes - POST /api/v1/auth/login 200 Invalid user name or password
2780 [JettyServerThreadPool-31] ERROR dk.lyngby.routes.Routes - POST /api/v1/auth/login 200 Invalid user name or password
